<?xml version="1.0" encoding="UTF-8"?>
<!-- Generated by org.testng.reporters.JUnitReportReporter -->
<testsuite skipped="0" hostname="MAVBCP203" name="com.maveric.scuba.tests.demoqa.Demoqa" tests="1" failures="0" timestamp="2020-08-07T12:58:18 GMT+05:30" time="69.548" errors="0">
  <testcase name="BookStore" time="69.548" classname="com.maveric.scuba.tests.demoqa.Demoqa"/>
  <system-out>
07-Aug-2020 12:57:20 PM : <a target=_blank href=screenshots/screenshot_1.png>UrlLaunch  </a> 07-Aug-2020 12:57:20 PM : <a target=_blank href=screenshots/screenshot_2.png>DemoQA Login Page is launched  </a> 07-Aug-2020 12:57:32 PM : <a target=_blank href=screenshots/screenshot_3.png>BookStore is Launched  </a> 07-Aug-2020 12:57:48 PM : <a target=_blank href=screenshots/screenshot_4.png>Book is Added to the Collection  </a> 07-Aug-2020 12:58:12 PM : <a target=_blank href=screenshots/screenshot_5.png>All Books are deleted  </a>  </system-out>
</testsuite> <!-- com.maveric.scuba.tests.demoqa.Demoqa -->
