<?xml version="1.0" encoding="UTF-8"?>
<!-- Generated by org.testng.reporters.JUnitReportReporter -->
<testsuite skipped="0" hostname="MAVBCP203" name="com.maveric.scuba.tests.demoqa.Demoqa" tests="3" failures="0" timestamp="2020-08-05T18:15:26 GMT+05:30" time="152.792" errors="0">
  <testcase name="AllElements" time="13.082" classname="com.maveric.scuba.tests.demoqa.Demoqa"/>
  <system-out>
05-Aug-2020 06:13:01 PM : <a target=_blank href=screenshots/screenshot_1.png>UrlLaunch  </a> 05-Aug-2020 06:13:02 PM : <a target=_blank href=screenshots/screenshot_2.png>Sheet  </a>  </system-out>
  <testcase name="ProfileForm" time="58.448" classname="com.maveric.scuba.tests.demoqa.Demoqa"/>
  <system-out>
05-Aug-2020 06:13:17 PM : <a target=_blank href=screenshots/screenshot_3.png>UrlLaunch  </a> 05-Aug-2020 06:13:18 PM : <a target=_blank href=screenshots/screenshot_4.png>Practice Form is Launched  </a> 05-Aug-2020 06:13:46 PM : <a target=_blank href=screenshots/screenshot_5.png>All the values are Set  </a> 05-Aug-2020 06:13:56 PM : <a target=_blank href=screenshots/screenshot_6.png>Form is Created Successfully  </a>  </system-out>
  <testcase name="BookStore" time="81.262" classname="com.maveric.scuba.tests.demoqa.Demoqa"/>
  <system-out>
05-Aug-2020 06:14:22 PM : <a target=_blank href=screenshots/screenshot_7.png>UrlLaunch  </a> 05-Aug-2020 06:14:22 PM : <a target=_blank href=screenshots/screenshot_8.png>DemoQA Login Page is launched  </a> 05-Aug-2020 06:14:38 PM : <a target=_blank href=screenshots/screenshot_9.png>BookStore is Launched  </a> 05-Aug-2020 06:14:55 PM : <a target=_blank href=screenshots/screenshot_10.png>Book is Added to the Collection  </a> 05-Aug-2020 06:15:19 PM : <a target=_blank href=screenshots/screenshot_11.png>All Books are deleted  </a>  </system-out>
</testsuite> <!-- com.maveric.scuba.tests.demoqa.Demoqa -->
