<?xml version="1.0" encoding="UTF-8"?>
<!-- Generated by org.testng.reporters.JUnitReportReporter -->
<testsuite skipped="0" hostname="MAVBCP203" name="com.maveric.scuba.tests.demoqa.Demoqa" tests="3" failures="0" timestamp="2020-08-05T10:17:04 GMT+05:30" time="146.773" errors="0">
  <testcase name="AllElements" time="13.173" classname="com.maveric.scuba.tests.demoqa.Demoqa"/>
  <system-out>
05-Aug-2020 10:14:46 AM : <a target=_blank href=screenshots/screenshot_1.png>UrlLaunch  </a> 05-Aug-2020 10:14:47 AM : <a target=_blank href=screenshots/screenshot_2.png>Sheet  </a>  </system-out>
  <testcase name="ProfileForm" time="55.813" classname="com.maveric.scuba.tests.demoqa.Demoqa"/>
  <system-out>
05-Aug-2020 10:15:00 AM : <a target=_blank href=screenshots/screenshot_3.png>UrlLaunch  </a> 05-Aug-2020 10:15:00 AM : <a target=_blank href=screenshots/screenshot_4.png>Practice Form is Launched  </a> 05-Aug-2020 10:15:28 AM : <a target=_blank href=screenshots/screenshot_5.png>All the values are Set  </a> 05-Aug-2020 10:15:38 AM : <a target=_blank href=screenshots/screenshot_6.png>Form is Created Successfully  </a>  </system-out>
  <testcase name="BookStore" time="77.787" classname="com.maveric.scuba.tests.demoqa.Demoqa"/>
  <system-out>
05-Aug-2020 10:16:01 AM : <a target=_blank href=screenshots/screenshot_7.png>UrlLaunch  </a> 05-Aug-2020 10:16:02 AM : <a target=_blank href=screenshots/screenshot_8.png>DemoQA Login Page is launched  </a> 05-Aug-2020 10:16:17 AM : <a target=_blank href=screenshots/screenshot_9.png>BookStore is Launched  </a> 05-Aug-2020 10:16:34 AM : <a target=_blank href=screenshots/screenshot_10.png>Book is Added to the Collection  </a> 05-Aug-2020 10:16:57 AM : <a target=_blank href=screenshots/screenshot_11.png>All Books are deleted  </a>  </system-out>
</testsuite> <!-- com.maveric.scuba.tests.demoqa.Demoqa -->
