<?xml version="1.0" encoding="UTF-8"?>
<!-- Generated by org.testng.reporters.JUnitReportReporter -->
<testsuite skipped="0" hostname="MAVBCP203" name="com.maveric.scuba.tests.demoqa.Demoqa" tests="3" failures="0" timestamp="2020-08-05T02:41:26 GMT+05:30" time="141.964" errors="0">
  <testcase name="AllElements" time="15.166" classname="com.maveric.scuba.tests.demoqa.Demoqa"/>
  <system-out>
05-Aug-2020 02:39:15 AM : <a target=_blank href=screenshots/screenshot_1.png>UrlLaunch  </a> 05-Aug-2020 02:39:16 AM : <a target=_blank href=screenshots/screenshot_2.png>Sheet  </a>  </system-out>
  <testcase name="ProfileForm" time="54.627" classname="com.maveric.scuba.tests.demoqa.Demoqa"/>
  <system-out>
05-Aug-2020 02:39:28 AM : <a target=_blank href=screenshots/screenshot_3.png>UrlLaunch  </a> 05-Aug-2020 02:39:28 AM : <a target=_blank href=screenshots/screenshot_4.png>Practice Form is Launched  </a> 05-Aug-2020 02:39:56 AM : <a target=_blank href=screenshots/screenshot_5.png>All the values are Set  </a> 05-Aug-2020 02:40:06 AM : <a target=_blank href=screenshots/screenshot_6.png>Form is Created Successfully  </a>  </system-out>
  <testcase name="BookStore" time="72.171" classname="com.maveric.scuba.tests.demoqa.Demoqa"/>
  <system-out>
05-Aug-2020 02:40:24 AM : <a target=_blank href=screenshots/screenshot_7.png>UrlLaunch  </a> 05-Aug-2020 02:40:24 AM : <a target=_blank href=screenshots/screenshot_8.png>DemoQA Login Page is launched  </a> 05-Aug-2020 02:40:40 AM : <a target=_blank href=screenshots/screenshot_9.png>BookStore is Launched  </a> 05-Aug-2020 02:40:56 AM : <a target=_blank href=screenshots/screenshot_10.png>Book is Added to the Collection  </a> 05-Aug-2020 02:41:20 AM : <a target=_blank href=screenshots/screenshot_11.png>All Books are deleted  </a>  </system-out>
</testsuite> <!-- com.maveric.scuba.tests.demoqa.Demoqa -->
